{"contracts/InfinityToken.sol":{"l":{"15":16,"19":5,"23":2,"31":21},"path":"/workspaces/infinity-token-blockchain/contracts/InfinityToken.sol","s":{"1":16,"2":5,"3":2,"4":21},"b":{"1":[5,1],"2":[2,1],"3":[21,1]},"f":{"1":16,"2":5,"3":2,"4":21},"fnMap":{"1":{"name":"constructor","line":13,"loc":{"start":{"line":11,"column":4},"end":{"line":16,"column":4}}},"2":{"name":"pause","line":18,"loc":{"start":{"line":18,"column":4},"end":{"line":20,"column":4}}},"3":{"name":"unpause","line":22,"loc":{"start":{"line":22,"column":4},"end":{"line":24,"column":4}}},"4":{"name":"_update","line":30,"loc":{"start":{"line":26,"column":4},"end":{"line":32,"column":4}}}},"statementMap":{"1":{"start":{"line":15,"column":8},"end":{"line":15,"column":54}},"2":{"start":{"line":19,"column":8},"end":{"line":19,"column":15}},"3":{"start":{"line":23,"column":8},"end":{"line":23,"column":17}},"4":{"start":{"line":31,"column":8},"end":{"line":31,"column":38}}},"branchMap":{"1":{"line":18,"type":"if","locations":[{"start":{"line":18,"column":30},"end":{"line":18,"column":30}},{"start":{"line":18,"column":30},"end":{"line":18,"column":30}}]},"2":{"line":22,"type":"if","locations":[{"start":{"line":22,"column":32},"end":{"line":22,"column":32}},{"start":{"line":22,"column":32},"end":{"line":22,"column":32}}]},"3":{"line":30,"type":"if","locations":[{"start":{"line":30,"column":24},"end":{"line":30,"column":24}},{"start":{"line":30,"column":24},"end":{"line":30,"column":24}}]}}}}